Using pre-set license

 COMMAND LINE ARGUMENTS:
/Applications/Unity/Hub/Editor/2020.3.7f1/Unity.app/Contents/MacOS/Unity
-adb2
-batchMode
-noUpm
-name
AssetImportWorker0
-projectPath
/Users/diegobecco/Documents/proyectos/AI-Challenge
-logFile
Logs/AssetImportWorker0.log
-srvPort
63322
Successfully changed project path to: /Users/diegobecco/Documents/proyectos/AI-Challenge
/Users/diegobecco/Documents/proyectos/AI-Challenge
Using Asset Import Pipeline V2.
Refreshing native plugins compatible for Editor in 78.72 ms, found 1 plugins.
Preloading 0 native plugins for Editor in 0.00 ms.
Initialize engine version: 2020.3.7f1 (dd97f2c94397)
[Subsystems] Discovering subsystems at path /Applications/Unity/Hub/Editor/2020.3.7f1/Unity.app/Contents/Resources/UnitySubsystems
[Subsystems] Discovering subsystems at path /Users/diegobecco/Documents/proyectos/AI-Challenge/Assets
GfxDevice: creating device client; threaded=0
2022-04-28 08:47:27.173 Unity[44373:935947] Color LCD preferred device: AMD Radeon Pro 5300M (high power)
2022-04-28 08:47:27.173 Unity[44373:935947] Metal devices available: 2
2022-04-28 08:47:27.173 Unity[44373:935947] 0: AMD Radeon Pro 5300M (high power)
2022-04-28 08:47:27.173 Unity[44373:935947] 1: Intel(R) UHD Graphics 630 (low power)
2022-04-28 08:47:27.174 Unity[44373:935947] Using device AMD Radeon Pro 5300M (high power)
Initializing Metal device caps: AMD Radeon Pro 5300M
Initialize mono
Mono path[0] = '/Applications/Unity/Hub/Editor/2020.3.7f1/Unity.app/Contents/Managed'
Mono path[1] = '/Applications/Unity/Hub/Editor/2020.3.7f1/Unity.app/Contents/MonoBleedingEdge/lib/mono/unityjit'
Mono config path = '/Applications/Unity/Hub/Editor/2020.3.7f1/Unity.app/Contents/MonoBleedingEdge/etc'
Using monoOptions --debugger-agent=transport=dt_socket,embedding=1,server=y,suspend=n,address=127.0.0.1:56373
Begin MonoManager ReloadAssembly
Registering precompiled unity dll's ...
Register platform support module: /Applications/Unity/Hub/Editor/2020.3.7f1/Unity.app/Contents/PlaybackEngines/MacStandaloneSupport/UnityEditor.OSXStandalone.Extensions.dll
Registered in 0.002421 seconds.
Native extension for OSXStandalone target not found
Refreshing native plugins compatible for Editor in 37.56 ms, found 1 plugins.
Preloading 0 native plugins for Editor in 0.00 ms.
Mono: successfully reloaded assembly
- Completed reload, in  3.711 seconds
Platform modules already initialized, skipping
Registering precompiled user dll's ...
Registered in 0.005144 seconds.
Begin MonoManager ReloadAssembly
Native extension for OSXStandalone target not found
Refreshing native plugins compatible for Editor in 0.49 ms, found 1 plugins.
Preloading 0 native plugins for Editor in 0.00 ms.
Mono: successfully reloaded assembly
- Completed reload, in  1.019 seconds
Platform modules already initialized, skipping
========================================================================
Worker process is ready to serve import requests
Launching external process: /Applications/Unity/Hub/Editor/2020.3.7f1/Unity.app/Contents/Tools/UnityShaderCompiler
Launched and connected shader compiler UnityShaderCompiler after 0.28 seconds
Refreshing native plugins compatible for Editor in 0.58 ms, found 1 plugins.
Preloading 0 native plugins for Editor in 0.00 ms.
Unloading 1665 Unused Serialized files (Serialized files now loaded: 0)
System memory in use before: 130.6 MB.
System memory in use after: 130.7 MB.

Unloading 50 unused Assets to reduce memory usage. Loaded Objects now: 2109.
Total: 7.773429 ms (FindLiveObjects: 0.529072 ms CreateObjectMapping: 0.072364 ms MarkObjects: 6.669135 ms  DeleteObjects: 0.501423 ms)

========================================================================
Received Import Request.
  path: Assets/Scenes/TournamentSetUp.unity
  artifactKey: Guid(1371747d5a51b4330b0dc7672ea75f55) Importer(815301076,1909f56bfc062723c751e8b465ee728b)
Start importing Assets/Scenes/TournamentSetUp.unity using Guid(1371747d5a51b4330b0dc7672ea75f55) Importer(815301076,1909f56bfc062723c751e8b465ee728b)  -> (artifact id: '8d0e8bc9c1922c7aa032df31ebbbb5b1') in 0.012231 seconds
  Import took 0.015902 seconds .

========================================================================
Received Import Request.
  Time since last request: 0.001257 seconds.
  path: Assets/PhysicsMaterials/Ball.physicMaterial
  artifactKey: Guid(962f5e6bfde754af48ae495b17576f25) Importer(815301076,1909f56bfc062723c751e8b465ee728b)
Start importing Assets/PhysicsMaterials/Ball.physicMaterial using Guid(962f5e6bfde754af48ae495b17576f25) Importer(815301076,1909f56bfc062723c751e8b465ee728b)  -> (artifact id: '92fbebec1391448286fbf5fc0c0ef97e') in 0.237616 seconds
  Import took 0.240784 seconds .

========================================================================
Received Import Request.
  Time since last request: 46.494511 seconds.
  path: Assets/Scenes/New SceneTemplate.scenetemplate
  artifactKey: Guid(03b6a8afec56c4085aead39bd8f745fc) Importer(815301076,1909f56bfc062723c751e8b465ee728b)
Start importing Assets/Scenes/New SceneTemplate.scenetemplate using Guid(03b6a8afec56c4085aead39bd8f745fc) Importer(815301076,1909f56bfc062723c751e8b465ee728b)  -> (artifact id: 'b35de4e5f45130bf96305357e161349d') in 0.110699 seconds
  Import took 0.115036 seconds .

========================================================================
Received Import Request.
  Time since last request: 21.429869 seconds.
  path: Assets/Scenes/TournamentMenu.unity
  artifactKey: Guid(c22e86c0e6b2e42b5bbf8c9f8d701bd8) Importer(815301076,1909f56bfc062723c751e8b465ee728b)
Start importing Assets/Scenes/TournamentMenu.unity using Guid(c22e86c0e6b2e42b5bbf8c9f8d701bd8) Importer(815301076,1909f56bfc062723c751e8b465ee728b)  -> (artifact id: '8bfaf4317df371fa2c92d1060ed75c39') in 0.003202 seconds
  Import took 0.006954 seconds .

========================================================================
Received Import Request.
  Time since last request: 1162.450844 seconds.
  path: Assets/Scenes/MainMenu.unity
  artifactKey: Guid(3b8c1e0565e22466fbd230cf688e0a08) Importer(815301076,1909f56bfc062723c751e8b465ee728b)
Start importing Assets/Scenes/MainMenu.unity using Guid(3b8c1e0565e22466fbd230cf688e0a08) Importer(815301076,1909f56bfc062723c751e8b465ee728b)  -> (artifact id: '25ffe215996590a385e906995cdf6ef4') in 0.032767 seconds
  Import took 0.116284 seconds .

========================================================================
Received Import Request.
  Time since last request: 3949.054960 seconds.
  path: Assets/Scenes/TournamentMenu.unity
  artifactKey: Guid(c22e86c0e6b2e42b5bbf8c9f8d701bd8) Importer(815301076,1909f56bfc062723c751e8b465ee728b)
Start importing Assets/Scenes/TournamentMenu.unity using Guid(c22e86c0e6b2e42b5bbf8c9f8d701bd8) Importer(815301076,1909f56bfc062723c751e8b465ee728b)  -> (artifact id: '1e0488c289bc05ad3ed181a2e3a2db4b') in 0.035185 seconds
  Import took 0.131134 seconds .

